d:\theessenceofagoodday\theessenceofagoodday\x64\debug\vc141.pdb
d:\theessenceofagoodday\theessenceofagoodday\x64\debug\vc141.idb
d:\theessenceofagoodday\theessenceofagoodday\x64\debug\shader.obj
d:\theessenceofagoodday\theessenceofagoodday\x64\debug\openglwindow.obj
d:\theessenceofagoodday\theessenceofagoodday\x64\debug\igraphics.obj
d:\theessenceofagoodday\theessenceofagoodday\x64\debug\directx11window.obj
d:\theessenceofagoodday\theessenceofagoodday\x64\debug\directx11.obj
d:\theessenceofagoodday\theessenceofagoodday\x64\debug\winapiwindow.obj
d:\theessenceofagoodday\theessenceofagoodday\x64\debug\thread.obj
d:\theessenceofagoodday\theessenceofagoodday\x64\debug\string.obj
d:\theessenceofagoodday\theessenceofagoodday\x64\debug\cpu.obj
d:\theessenceofagoodday\theessenceofagoodday\x64\debug\lua.obj
d:\theessenceofagoodday\theessenceofagoodday\x64\debug\main.obj
d:\theessenceofagoodday\theessenceofagoodday\x64\debug\threadpoolhandle.obj
d:\theessenceofagoodday\theessenceofagoodday\x64\debug\threadpool.obj
d:\theessenceofagoodday\theessenceofagoodday\x64\debug\console.obj
d:\theessenceofagoodday\x64\debug\lua53.dll
d:\theessenceofagoodday\x64\debug\glew32.dll
d:\theessenceofagoodday\x64\debug\test.lua
d:\theessenceofagoodday\theessenceofagoodday\x64\debug\theessen.2c1a963d.tlog\cl.command.1.tlog
d:\theessenceofagoodday\theessenceofagoodday\x64\debug\theessen.2c1a963d.tlog\cl.read.1.tlog
d:\theessenceofagoodday\theessenceofagoodday\x64\debug\theessen.2c1a963d.tlog\cl.write.1.tlog
d:\theessenceofagoodday\theessenceofagoodday\x64\debug\theessen.2c1a963d.tlog\copyfile.command.1.tlog
d:\theessenceofagoodday\theessenceofagoodday\x64\debug\theessen.2c1a963d.tlog\copyfile.read.1.tlog
d:\theessenceofagoodday\theessenceofagoodday\x64\debug\theessen.2c1a963d.tlog\copyfile.write.1.tlog
