  Engine.cpp
  ResourceManager.cpp
  Lua.cpp
  Actor.cpp
  CollisionComponent.cpp
  InputComponent.cpp
  TransformComponent.cpp
  Console.cpp
  Cpu.cpp
  Exception.cpp
  String.cpp
  ThreadPool.cpp
  ThreadPoolHandle.cpp
  WinApiWindow.cpp
  Window.cpp
  DirectX11.cpp
  DirectX11Window.cpp
  Shader.cpp
  IGraphics.cpp
  OpenGL.cpp
  Generating Code...
  Compiling...
  OpenGlWindow.cpp
  DirectInput8.cpp
  Input.cpp
  main.cpp
  Generating Code...
MSVCRTD.lib(initializers.obj) : warning LNK4098: defaultlib 'msvcrt.lib' conflicts with use of other libs; use /NODEFAULTLIB:library
  TheEssenceOfAGoodDay.vcxproj -> D:\TheEssenceOfAGoodDay\x64\Debug\TheEssenceOfAGoodDay.exe
